2015-11-09 15:10:56.301+0000 INFO  [o.n.k.i.l.StoreLogService] Opened new internal log file
2015-11-09 15:10:56.302+0000 INFO  [o.n.k.i.DiagnosticsManager] Graph Database: Community StoreId{creationTime=1447081775953, randomId=1122634844279737440, storeVersion=15250506225055238, upgradeTime=1447081775953, upgradeId=1}
2015-11-09 15:10:56.302+0000 INFO  [o.n.k.i.DiagnosticsManager] Kernel version: 2.3.0,c6c3a7b
2015-11-09 15:10:56.302+0000 INFO  [o.n.k.i.DiagnosticsManager] Neo4j Kernel properties:
2015-11-09 15:10:56.302+0000 INFO  [o.n.k.i.DiagnosticsManager] relationship_auto_indexing=true
2015-11-09 15:10:56.302+0000 INFO  [o.n.k.i.DiagnosticsManager] dump_configuration=true
2015-11-09 15:10:56.302+0000 INFO  [o.n.k.i.DiagnosticsManager] node_auto_indexing=true
2015-11-09 15:10:56.303+0000 INFO  [o.n.k.i.DiagnosticsManager] allow_store_upgrade=true
2015-11-09 15:10:56.303+0000 INFO  [o.n.k.i.DiagnosticsManager] keep_logical_logs=false
2015-11-09 15:10:56.303+0000 INFO  [o.n.k.i.DiagnosticsManager] remote_shell_enabled=true
2015-11-09 15:10:56.303+0000 INFO  [o.n.k.i.DiagnosticsManager] edition=Community
2015-11-09 15:10:56.303+0000 INFO  [o.n.k.i.DiagnosticsManager] ephemeral=false
2015-11-09 15:10:56.303+0000 INFO  [o.n.k.i.DiagnosticsManager] Diagnostics providers:
2015-11-09 15:10:56.303+0000 INFO  [o.n.k.i.DiagnosticsManager] KernelDiagnostics:Versions
2015-11-09 15:10:56.303+0000 INFO  [o.n.k.i.DiagnosticsManager] org.neo4j.kernel.configuration.Config
2015-11-09 15:10:56.303+0000 INFO  [o.n.k.i.DiagnosticsManager] org.neo4j.kernel.info.DiagnosticsManager
2015-11-09 15:10:56.303+0000 INFO  [o.n.k.i.DiagnosticsManager] SYSTEM_MEMORY
2015-11-09 15:10:56.303+0000 INFO  [o.n.k.i.DiagnosticsManager] JAVA_MEMORY
2015-11-09 15:10:56.303+0000 INFO  [o.n.k.i.DiagnosticsManager] OPERATING_SYSTEM
2015-11-09 15:10:56.303+0000 INFO  [o.n.k.i.DiagnosticsManager] JAVA_VIRTUAL_MACHINE
2015-11-09 15:10:56.303+0000 INFO  [o.n.k.i.DiagnosticsManager] CLASSPATH
2015-11-09 15:10:56.303+0000 INFO  [o.n.k.i.DiagnosticsManager] LIBRARY_PATH
2015-11-09 15:10:56.303+0000 INFO  [o.n.k.i.DiagnosticsManager] SYSTEM_PROPERTIES
2015-11-09 15:10:56.303+0000 INFO  [o.n.k.i.DiagnosticsManager] NETWORK
2015-11-09 15:10:56.303+0000 INFO  [o.n.k.i.DiagnosticsManager] NEO_STORE_VERSIONS
2015-11-09 15:10:56.303+0000 INFO  [o.n.k.i.DiagnosticsManager] NEO_STORE_ID_USAGE
2015-11-09 15:10:56.303+0000 INFO  [o.n.k.i.DiagnosticsManager] NEO_STORE_RECORDS
2015-11-09 15:10:56.303+0000 INFO  [o.n.k.i.DiagnosticsManager] TRANSACTION_RANGE
2015-11-09 15:10:56.303+0000 INFO  [o.n.k.i.DiagnosticsManager] KernelDiagnostics:StoreFiles
2015-11-09 15:10:56.304+0000 INFO  [o.n.k.i.DiagnosticsManager] System memory information:
2015-11-09 15:10:56.304+0000 INFO  [o.n.k.i.DiagnosticsManager] Total Physical memory: 16,00 GB
2015-11-09 15:10:56.304+0000 INFO  [o.n.k.i.DiagnosticsManager] Free Physical memory: 1,39 GB
2015-11-09 15:10:56.304+0000 INFO  [o.n.k.i.DiagnosticsManager] Committed virtual memory: 7,29 GB
2015-11-09 15:10:56.304+0000 INFO  [o.n.k.i.DiagnosticsManager] Total swap space: 2,00 GB
2015-11-09 15:10:56.304+0000 INFO  [o.n.k.i.DiagnosticsManager] Free swap space: 1,01 GB
2015-11-09 15:10:56.305+0000 INFO  [o.n.k.i.DiagnosticsManager] JVM memory information:
2015-11-09 15:10:56.305+0000 INFO  [o.n.k.i.DiagnosticsManager] Free  memory: 1,70 GB
2015-11-09 15:10:56.306+0000 INFO  [o.n.k.i.DiagnosticsManager] Total memory: 2,53 GB
2015-11-09 15:10:56.306+0000 INFO  [o.n.k.i.DiagnosticsManager] Max   memory: 3,56 GB
2015-11-09 15:10:56.306+0000 INFO  [o.n.k.i.DiagnosticsManager] Garbage Collector: PS Scavenge: [PS Eden Space, PS Survivor Space]
2015-11-09 15:10:56.306+0000 INFO  [o.n.k.i.DiagnosticsManager] Garbage Collector: PS MarkSweep: [PS Eden Space, PS Survivor Space, PS Old Gen, PS Perm Gen]
2015-11-09 15:10:56.306+0000 INFO  [o.n.k.i.DiagnosticsManager] Memory Pool: Code Cache (Non-heap memory): committed=7,38 MB, used=7,19 MB, max=48,00 MB, threshold=0,00 B
2015-11-09 15:10:56.306+0000 INFO  [o.n.k.i.DiagnosticsManager] Memory Pool: PS Eden Space (Heap memory): committed=1,12 GB, used=671,29 MB, max=1,14 GB, threshold=?
2015-11-09 15:10:56.307+0000 INFO  [o.n.k.i.DiagnosticsManager] Memory Pool: PS Survivor Space (Heap memory): committed=85,00 MB, used=57,93 MB, max=85,00 MB, threshold=?
2015-11-09 15:10:56.307+0000 INFO  [o.n.k.i.DiagnosticsManager] Memory Pool: PS Old Gen (Heap memory): committed=1,33 GB, used=121,46 MB, max=2,67 GB, threshold=0,00 B
2015-11-09 15:10:56.307+0000 INFO  [o.n.k.i.DiagnosticsManager] Memory Pool: PS Perm Gen (Non-heap memory): committed=101,00 MB, used=94,26 MB, max=512,00 MB, threshold=0,00 B
2015-11-09 15:10:56.307+0000 INFO  [o.n.k.i.DiagnosticsManager] Operating system information:
2015-11-09 15:10:56.307+0000 INFO  [o.n.k.i.DiagnosticsManager] Operating System: Mac OS X; version: 10.11.1; arch: x86_64; cpus: 8
2015-11-09 15:10:56.307+0000 INFO  [o.n.k.i.DiagnosticsManager] Max number of file descriptors: 10240
2015-11-09 15:10:56.307+0000 INFO  [o.n.k.i.DiagnosticsManager] Number of open file descriptors: 358
2015-11-09 15:10:56.308+0000 INFO  [o.n.k.i.DiagnosticsManager] Process id: 45944@MacBook-Pro-de-Matias-2.local
2015-11-09 15:10:56.308+0000 INFO  [o.n.k.i.DiagnosticsManager] Byte order: LITTLE_ENDIAN
2015-11-09 15:10:56.308+0000 INFO  [o.n.k.i.DiagnosticsManager] Local timezone: America/Argentina/Buenos_Aires
2015-11-09 15:10:56.308+0000 INFO  [o.n.k.i.DiagnosticsManager] JVM information:
2015-11-09 15:10:56.308+0000 INFO  [o.n.k.i.DiagnosticsManager] VM Name: Java HotSpot(TM) 64-Bit Server VM
2015-11-09 15:10:56.308+0000 INFO  [o.n.k.i.DiagnosticsManager] VM Vendor: Oracle Corporation
2015-11-09 15:10:56.308+0000 INFO  [o.n.k.i.DiagnosticsManager] VM Version: 24.80-b11
2015-11-09 15:10:56.308+0000 INFO  [o.n.k.i.DiagnosticsManager] JIT compiler: HotSpot 64-Bit Tiered Compilers
2015-11-09 15:10:56.308+0000 INFO  [o.n.k.i.DiagnosticsManager] VM Arguments: [-Dfile.encoding=UTF-8, -Xmx4096M, -Xms2048M, -XX:MaxPermSize=512m, -Dgrails.fork.parent.process.port=54125, -Dgrails.fork.active=true, -Dgrails.build.execution.context=/private/var/folders/vw/_3xj793d30nff9vbng1rk09w0000gn/T/neo4j-app5559515468053651256grails-execution-context, -Dgrails.home=/Users/matiasburak/.sdkman/candidates/grails/2.5.2, -javaagent:/Users/matiasburak/.sdkman/candidates/grails/2.5.2/lib/org.springframework/springloaded/jars/springloaded-1.2.4.RELEASE.jar, -Xverify:none, -Dspringloaded.synchronize=true, -Djdk.reflect.allowGetCallerClass=true, -Dspringloaded=profile=grails;cacheDir=/Users/matiasburak/.grails/2.5.2]
2015-11-09 15:10:56.308+0000 INFO  [o.n.k.i.DiagnosticsManager] Java classpath:
2015-11-09 15:10:56.314+0000 INFO  [o.n.k.i.DiagnosticsManager]  [loader.0] file:/Users/matiasburak/.sdkman/candidates/grails/2.5.2/dist/grails-web-gsp-taglib-2.5.2.jar
2015-11-09 15:10:56.314+0000 INFO  [o.n.k.i.DiagnosticsManager]  [loader.0] file:/Users/matiasburak/.m2/repository/org/hibernate/hibernate-ehcache/4.3.10.Final/hibernate-ehcache-4.3.10.Final.jar
2015-11-09 15:10:56.314+0000 INFO  [o.n.k.i.DiagnosticsManager]  [loader.0] file:/Users/matiasburak/.sdkman/candidates/grails/2.5.2/lib/org.springframework/spring-expression/jars/spring-expression-4.1.6.RELEASE.jar
2015-11-09 15:10:56.314+0000 INFO  [o.n.k.i.DiagnosticsManager]  [loader.0] file:/Users/matiasburak/.sdkman/candidates/grails/2.5.2/lib/commons-io/commons-io/jars/commons-io-2.2.jar
2015-11-09 15:10:56.314+0000 INFO  [o.n.k.i.DiagnosticsManager]  [loader.0] file:/Users/matiasburak/.sdkman/candidates/grails/2.5.2/lib/org.springframework/spring-context/jars/spring-context-4.1.6.RELEASE.jar
2015-11-09 15:10:56.314+0000 INFO  [o.n.k.i.DiagnosticsManager]  [loader.0] file:/Users/matiasburak/.m2/repository/javax/validation/validation-api/1.1.0.Final/validation-api-1.1.0.Final.jar
2015-11-09 15:10:56.314+0000 INFO  [o.n.k.i.DiagnosticsManager]  [loader.0] file:/Users/matiasburak/.sdkman/candidates/grails/2.5.2/dist/grails-plugin-rest-2.5.2.jar
2015-11-09 15:10:56.314+0000 INFO  [o.n.k.i.DiagnosticsManager]  [bootstrap] /Library/Java/JavaVirtualMachines/jdk1.7.0_80.jdk/Contents/Home/jre/lib/sunrsasign.jar
2015-11-09 15:10:56.314+0000 INFO  [o.n.k.i.DiagnosticsManager]  [loader.0] file:/Users/matiasburak/.sdkman/candidates/grails/2.5.2/dist/grails-web-mvc-2.5.2.jar
2015-11-09 15:10:56.314+0000 INFO  [o.n.k.i.DiagnosticsManager]  [loader.0] file:/Users/matiasburak/.sdkman/candidates/grails/2.5.2/dist/grails-plugin-url-mappings-2.5.2.jar
2015-11-09 15:10:56.314+0000 INFO  [o.n.k.i.DiagnosticsManager]  [classpath + loader.1] file:/Users/matiasburak/.sdkman/candidates/grails/2.5.2/lib/org.fusesource.jansi/jansi/jars/jansi-1.11.jar
2015-11-09 15:10:56.314+0000 INFO  [o.n.k.i.DiagnosticsManager]  [loader.0] file:/Users/matiasburak/Sites/neo4j-app/target/work/plugin-build-classes/
2015-11-09 15:10:56.314+0000 INFO  [o.n.k.i.DiagnosticsManager]  [loader.0] file:/Users/matiasburak/.m2/repository/args4j/args4j/2.0.26/args4j-2.0.26.jar
2015-11-09 15:10:56.314+0000 INFO  [o.n.k.i.DiagnosticsManager]  [loader.0] file:/Users/matiasburak/.m2/repository/org/grails/grails-datastore-gorm/5.0.0.BUILD-SNAPSHOT/grails-datastore-gorm-5.0.0.BUILD-SNAPSHOT.jar
2015-11-09 15:10:56.314+0000 INFO  [o.n.k.i.DiagnosticsManager]  [loader.1] file:/Users/matiasburak/.sdkman/candidates/grails/2.5.2/lib/log4j/log4j/jars/log4j-1.2.17.jar
2015-11-09 15:10:56.314+0000 INFO  [o.n.k.i.DiagnosticsManager]  [loader.0] file:/Users/matiasburak/.sdkman/candidates/grails/2.5.2/lib/com.h2database/h2/jars/h2-1.3.176.jar
2015-11-09 15:10:56.314+0000 INFO  [o.n.k.i.DiagnosticsManager]  [loader.0] file:/Users/matiasburak/.sdkman/candidates/grails/2.5.2/lib/xalan/serializer/jars/serializer-2.7.2.jar
2015-11-09 15:10:56.314+0000 INFO  [o.n.k.i.DiagnosticsManager]  [loader.0] file:/Users/matiasburak/.m2/repository/org/apache/lucene/lucene-core/3.6.2/lucene-core-3.6.2.jar
2015-11-09 15:10:56.314+0000 INFO  [o.n.k.i.DiagnosticsManager]  [classpath + loader.1] file:/Users/matiasburak/.sdkman/candidates/grails/2.5.2/lib/org.springframework/springloaded/jars/springloaded-1.2.4.RELEASE.jar
2015-11-09 15:10:56.314+0000 INFO  [o.n.k.i.DiagnosticsManager]  [loader.2] file:/Library/Java/JavaVirtualMachines/jdk1.7.0_80.jdk/Contents/Home/jre/lib/ext/sunjce_provider.jar
2015-11-09 15:10:56.314+0000 INFO  [o.n.k.i.DiagnosticsManager]  [loader.0] file:/Users/matiasburak/.m2/repository/org/parboiled/parboiled-scala_2.11/1.1.7/parboiled-scala_2.11-1.1.7.jar
2015-11-09 15:10:56.314+0000 INFO  [o.n.k.i.DiagnosticsManager]  [loader.0] file:/Users/matiasburak/.m2/repository/org/ow2/asm/asm/5.0.2/asm-5.0.2.jar
2015-11-09 15:10:56.314+0000 INFO  [o.n.k.i.DiagnosticsManager]  [bootstrap] /Library/Java/JavaVirtualMachines/jdk1.7.0_80.jdk/Contents/Home/jre/classes
2015-11-09 15:10:56.314+0000 INFO  [o.n.k.i.DiagnosticsManager]  [loader.0] file:/Users/matiasburak/.sdkman/candidates/grails/2.5.2/lib/com.google.code.gson/gson/jars/gson-2.2.4.jar
2015-11-09 15:10:56.314+0000 INFO  [o.n.k.i.DiagnosticsManager]  [loader.0] file:/Users/matiasburak/.m2/repository/org/neo4j/neo4j-io/2.3.0/neo4j-io-2.3.0.jar
2015-11-09 15:10:56.314+0000 INFO  [o.n.k.i.DiagnosticsManager]  [loader.0] file:/Users/matiasburak/.sdkman/candidates/grails/2.5.2/lib/javax.servlet/javax.servlet-api/jars/javax.servlet-api-3.0.1.jar
2015-11-09 15:10:56.314+0000 INFO  [o.n.k.i.DiagnosticsManager]  [loader.0] file:/Users/matiasburak/.m2/repository/net/sf/opencsv/opencsv/2.3/opencsv-2.3.jar
2015-11-09 15:10:56.314+0000 INFO  [o.n.k.i.DiagnosticsManager]  [loader.0] file:/Users/matiasburak/.m2/repository/org/neo4j/neo4j-consistency-check/2.3.0/neo4j-consistency-check-2.3.0.jar
2015-11-09 15:10:56.314+0000 INFO  [o.n.k.i.DiagnosticsManager]  [loader.0] file:/Users/matiasburak/.m2/repository/org/neo4j/neo4j-shell/2.3.0/neo4j-shell-2.3.0.jar
2015-11-09 15:10:56.314+0000 INFO  [o.n.k.i.DiagnosticsManager]  [classpath + loader.1] file:/Users/matiasburak/.m2/repository/org/apache/tomcat/embed/tomcat-embed-el/7.0.55/tomcat-embed-el-7.0.55.jar
2015-11-09 15:10:56.314+0000 INFO  [o.n.k.i.DiagnosticsManager]  [loader.0] file:/Users/matiasburak/.m2/repository/org/hibernate/common/hibernate-commons-annotations/4.0.4.Final/hibernate-commons-annotations-4.0.4.Final.jar
2015-11-09 15:10:56.314+0000 INFO  [o.n.k.i.DiagnosticsManager]  [loader.0] file:/Users/matiasburak/.sdkman/candidates/grails/2.5.2/lib/org.springframework/spring-jdbc/jars/spring-jdbc-4.1.6.RELEASE.jar
2015-11-09 15:10:56.314+0000 INFO  [o.n.k.i.DiagnosticsManager]  [loader.0] file:/Users/matiasburak/.m2/repository/org/jboss/logging/jboss-logging-annotations/1.2.0.Beta1/jboss-logging-annotations-1.2.0.Beta1.jar
2015-11-09 15:10:56.314+0000 INFO  [o.n.k.i.DiagnosticsManager]  [loader.0] file:/Users/matiasburak/.m2/repository/org/grails/grails-datastore-gorm-hibernate-core/3.1.5.RELEASE/grails-datastore-gorm-hibernate-core-3.1.5.RELEASE.jar
2015-11-09 15:10:56.314+0000 INFO  [o.n.k.i.DiagnosticsManager]  [loader.0] file:/Users/matiasburak/.sdkman/candidates/grails/2.5.2/lib/commons-codec/commons-codec/jars/commons-codec-1.6.jar
2015-11-09 15:10:56.314+0000 INFO  [o.n.k.i.DiagnosticsManager]  [loader.0] file:/Users/matiasburak/.m2/repository/org/neo4j/neo4j-cypher-frontend-2.3/2.3.0/neo4j-cypher-frontend-2.3-2.3.0.jar
2015-11-09 15:10:56.314+0000 INFO  [o.n.k.i.DiagnosticsManager]  [loader.0] file:/Users/matiasburak/.sdkman/candidates/grails/2.5.2/lib/opensymphony/sitemesh/jars/sitemesh-2.4.jar
2015-11-09 15:10:56.314+0000 INFO  [o.n.k.i.DiagnosticsManager]  [loader.0] file:/Users/matiasburak/.sdkman/candidates/grails/2.5.2/dist/grails-plugin-services-2.5.2.jar
2015-11-09 15:10:56.314+0000 INFO  [o.n.k.i.DiagnosticsManager]  [loader.0] file:/Users/matiasburak/.sdkman/candidates/grails/2.5.2/dist/grails-plugin-datasource-2.5.2.jar
2015-11-09 15:10:56.314+0000 INFO  [o.n.k.i.DiagnosticsManager]  [loader.0] file:/Users/matiasburak/.m2/repository/org/jboss/jandex/1.1.0.Final/jandex-1.1.0.Final.jar
2015-11-09 15:10:56.314+0000 INFO  [o.n.k.i.DiagnosticsManager]  [loader.0] file:/Users/matiasburak/.sdkman/candidates/grails/2.5.2/dist/grails-plugin-domain-class-2.5.2.jar
2015-11-09 15:10:56.314+0000 INFO  [o.n.k.i.DiagnosticsManager]  [loader.0] file:/Users/matiasburak/Sites/neo4j-app/target/work/plugin-classes/
2015-11-09 15:10:56.314+0000 INFO  [o.n.k.i.DiagnosticsManager]  [loader.0] file:/Users/matiasburak/.m2/repository/org/grails/grails-datastore-gorm-hibernate4/3.1.5.RELEASE/grails-datastore-gorm-hibernate4-3.1.5.RELEASE.jar
2015-11-09 15:10:56.314+0000 INFO  [o.n.k.i.DiagnosticsManager]  [classpath + loader.1] file:/Users/matiasburak/.m2/repository/org/apache/tomcat/embed/tomcat-embed-core/7.0.55/tomcat-embed-core-7.0.55.jar
2015-11-09 15:10:56.314+0000 INFO  [o.n.k.i.DiagnosticsManager]  [loader.0] file:/Users/matiasburak/.m2/repository/org/neo4j/neo4j-graph-algo/2.3.0/neo4j-graph-algo-2.3.0.jar
2015-11-09 15:10:56.314+0000 INFO  [o.n.k.i.DiagnosticsManager]  [loader.0] file:/Users/matiasburak/.m2/repository/org/scala-lang/modules/scala-parser-combinators_2.11/1.0.4/scala-parser-combinators_2.11-1.0.4.jar
2015-11-09 15:10:56.314+0000 INFO  [o.n.k.i.DiagnosticsManager]  [loader.0] file:/Users/matiasburak/.sdkman/candidates/grails/2.5.2/lib/org.springframework/spring-tx/jars/spring-tx-4.1.6.RELEASE.jar
2015-11-09 15:10:56.314+0000 INFO  [o.n.k.i.DiagnosticsManager]  [loader.0] file:/Users/matiasburak/.sdkman/candidates/grails/2.5.2/lib/org.springframework/spring-aspects/jars/spring-aspects-4.1.6.RELEASE.jar
2015-11-09 15:10:56.314+0000 INFO  [o.n.k.i.DiagnosticsManager]  [loader.0] file:/Users/matiasburak/.sdkman/candidates/grails/2.5.2/dist/grails-validation-2.5.2.jar
2015-11-09 15:10:56.314+0000 INFO  [o.n.k.i.DiagnosticsManager]  [loader.0] file:/Users/matiasburak/.m2/repository/org/neo4j/neo4j-unsafe/2.3.0/neo4j-unsafe-2.3.0.jar
2015-11-09 15:10:56.314+0000 INFO  [o.n.k.i.DiagnosticsManager]  [loader.0] file:/Users/matiasburak/.m2/repository/com/google/javascript/closure-compiler-externs/v20141023/closure-compiler-externs-v20141023.jar
2015-11-09 15:10:56.314+0000 INFO  [o.n.k.i.DiagnosticsManager]  [loader.0] file:/Users/matiasburak/.sdkman/candidates/grails/2.5.2/lib/org.springframework/spring-beans/jars/spring-beans-4.1.6.RELEASE.jar
2015-11-09 15:10:56.315+0000 INFO  [o.n.k.i.DiagnosticsManager]  [classpath + loader.1] file:/Users/matiasburak/.m2/repository/org/apache/tomcat/embed/tomcat-embed-logging-log4j/7.0.55/tomcat-embed-logging-log4j-7.0.55.jar
2015-11-09 15:10:56.315+0000 INFO  [o.n.k.i.DiagnosticsManager]  [classpath + loader.1] file:/Users/matiasburak/.m2/repository/org/eclipse/jdt/core/compiler/ecj/3.7.2/ecj-3.7.2.jar
2015-11-09 15:10:56.315+0000 INFO  [o.n.k.i.DiagnosticsManager]  [loader.0] file:/Users/matiasburak/.sdkman/candidates/grails/2.5.2/lib/commons-lang/commons-lang/jars/commons-lang-2.6.jar
2015-11-09 15:10:56.315+0000 INFO  [o.n.k.i.DiagnosticsManager]  [loader.0] file:/Users/matiasburak/.m2/repository/org/neo4j/neo4j-function/2.3.0/neo4j-function-2.3.0.jar
2015-11-09 15:10:56.315+0000 INFO  [o.n.k.i.DiagnosticsManager]  [loader.0] file:/Users/matiasburak/.sdkman/candidates/grails/2.5.2/lib/org.hibernate.javax.persistence/hibernate-jpa-2.1-api/jars/hibernate-jpa-2.1-api-1.0.0.Final.jar
2015-11-09 15:10:56.315+0000 INFO  [o.n.k.i.DiagnosticsManager]  [loader.0] file:/Users/matiasburak/.sdkman/candidates/grails/2.5.2/dist/grails-spring-2.5.2.jar
2015-11-09 15:10:56.315+0000 INFO  [o.n.k.i.DiagnosticsManager]  [loader.2] file:/Library/Java/JavaVirtualMachines/jdk1.7.0_80.jdk/Contents/Home/jre/lib/ext/zipfs.jar
2015-11-09 15:10:56.315+0000 INFO  [o.n.k.i.DiagnosticsManager]  [loader.0] file:/Users/matiasburak/.m2/repository/org/grails/grails-datastore-gorm-plugin-support/3.1.5.RELEASE/grails-datastore-gorm-plugin-support-3.1.5.RELEASE.jar
2015-11-09 15:10:56.315+0000 INFO  [o.n.k.i.DiagnosticsManager]  [bootstrap] /Library/Java/JavaVirtualMachines/jdk1.7.0_80.jdk/Contents/Home/jre/lib/resources.jar
2015-11-09 15:10:56.315+0000 INFO  [o.n.k.i.DiagnosticsManager]  [loader.0] file:/Users/matiasburak/.m2/repository/com/google/javascript/closure-compiler/v20141023/closure-compiler-v20141023.jar
2015-11-09 15:10:56.315+0000 INFO  [o.n.k.i.DiagnosticsManager]  [loader.0] file:/Users/matiasburak/.m2/repository/com/google/guava/guava/18.0/guava-18.0.jar
2015-11-09 15:10:56.315+0000 INFO  [o.n.k.i.DiagnosticsManager]  [loader.0] file:/Users/matiasburak/.sdkman/candidates/grails/2.5.2/dist/grails-plugin-databinding-2.5.2.jar
2015-11-09 15:10:56.315+0000 INFO  [o.n.k.i.DiagnosticsManager]  [classpath + loader.1] file:/Users/matiasburak/Sites/neo4j-app/
2015-11-09 15:10:56.315+0000 INFO  [o.n.k.i.DiagnosticsManager]  [loader.0] file:/Users/matiasburak/.sdkman/candidates/grails/2.5.2/dist/grails-web-fileupload-2.5.2.jar
2015-11-09 15:10:56.315+0000 INFO  [o.n.k.i.DiagnosticsManager]  [loader.0] file:/Users/matiasburak/.sdkman/candidates/grails/2.5.2/dist/grails-resources-2.5.2.jar
2015-11-09 15:10:56.315+0000 INFO  [o.n.k.i.DiagnosticsManager]  [loader.0] file:/Users/matiasburak/.sdkman/candidates/grails/2.5.2/lib/org.springframework/spring-web/jars/spring-web-4.1.6.RELEASE.jar
2015-11-09 15:10:56.315+0000 INFO  [o.n.k.i.DiagnosticsManager]  [loader.0] file:/Users/matiasburak/.m2/repository/org/neo4j/neo4j-consistency-check-legacy/2.3.0/neo4j-consistency-check-legacy-2.3.0.jar
2015-11-09 15:10:56.315+0000 INFO  [o.n.k.i.DiagnosticsManager]  [loader.0] file:/Users/matiasburak/.sdkman/candidates/grails/2.5.2/dist/grails-plugin-filters-2.5.2.jar
2015-11-09 15:10:56.315+0000 INFO  [o.n.k.i.DiagnosticsManager]  [loader.0] file:/Users/matiasburak/.m2/repository/org/neo4j/neo4j-cypher/2.3.0/neo4j-cypher-2.3.0.jar
2015-11-09 15:10:56.315+0000 INFO  [o.n.k.i.DiagnosticsManager]  [loader.0] file:/Users/matiasburak/.sdkman/candidates/grails/2.5.2/dist/grails-web-gsp-2.5.2.jar
2015-11-09 15:10:56.315+0000 INFO  [o.n.k.i.DiagnosticsManager]  [loader.0] file:/Users/matiasburak/.m2/repository/org/neo4j/neo4j/2.3.0/neo4j-2.3.0.jar
2015-11-09 15:10:56.315+0000 INFO  [o.n.k.i.DiagnosticsManager]  [loader.0] file:/Users/matiasburak/.sdkman/candidates/grails/2.5.2/lib/org.apache.tomcat/tomcat-jdbc/jars/tomcat-jdbc-7.0.50.jar
2015-11-09 15:10:56.315+0000 INFO  [o.n.k.i.DiagnosticsManager]  [loader.0] file:/Users/matiasburak/.m2/repository/net/sf/ehcache/ehcache/2.9.0/ehcache-2.9.0.jar
2015-11-09 15:10:56.315+0000 INFO  [o.n.k.i.DiagnosticsManager]  [loader.0] file:/Users/matiasburak/.sdkman/candidates/grails/2.5.2/lib/org.codehaus.gpars/gpars/jars/gpars-1.2.1.jar
2015-11-09 15:10:56.315+0000 INFO  [o.n.k.i.DiagnosticsManager]  [loader.0] file:/Users/matiasburak/.m2/repository/org/hibernate/hibernate-validator/5.1.3.Final/hibernate-validator-5.1.3.Final.jar
2015-11-09 15:10:56.315+0000 INFO  [o.n.k.i.DiagnosticsManager]  [loader.0] file:/Users/matiasburak/.m2/repository/org/neo4j/neo4j-community/2.3.0/neo4j-community-2.3.0.pom
2015-11-09 15:10:56.315+0000 INFO  [o.n.k.i.DiagnosticsManager]  [classpath + loader.1] file:/Users/matiasburak/.sdkman/candidates/grails/2.5.2/lib/org.apache.ant/ant/jars/ant-1.9.4.jar
2015-11-09 15:10:56.315+0000 INFO  [o.n.k.i.DiagnosticsManager]  [bootstrap] /Library/Java/JavaVirtualMachines/jdk1.7.0_80.jdk/Contents/Home/jre/lib/jfr.jar
2015-11-09 15:10:56.315+0000 INFO  [o.n.k.i.DiagnosticsManager]  [loader.0] file:/Users/matiasburak/.m2/repository/org/neo4j/neo4j-lucene-index/2.3.0/neo4j-lucene-index-2.3.0.jar
2015-11-09 15:10:56.315+0000 INFO  [o.n.k.i.DiagnosticsManager]  [loader.1] file:/Users/matiasburak/.sdkman/candidates/grails/2.5.2/lib/org.codehaus.groovy/groovy-all/jars/groovy-all-2.4.4.jar
2015-11-09 15:10:56.315+0000 INFO  [o.n.k.i.DiagnosticsManager]  [loader.0] file:/Users/matiasburak/.m2/repository/org/springframework/spring-orm/4.1.6.RELEASE/spring-orm-4.1.6.RELEASE.jar
2015-11-09 15:10:56.315+0000 INFO  [o.n.k.i.DiagnosticsManager]  [loader.0] file:/Users/matiasburak/.sdkman/candidates/grails/2.5.2/lib/org.springframework/spring-aop/jars/spring-aop-4.1.6.RELEASE.jar
2015-11-09 15:10:56.315+0000 INFO  [o.n.k.i.DiagnosticsManager]  [loader.0] file:/Users/matiasburak/.m2/repository/org/neo4j/neo4j-cypher-compiler-1.9_2.11/2.0.5/neo4j-cypher-compiler-1.9_2.11-2.0.5.jar
2015-11-09 15:10:56.315+0000 INFO  [o.n.k.i.DiagnosticsManager]  [loader.0] file:/Users/matiasburak/.sdkman/candidates/grails/2.5.2/dist/grails-logging-2.5.2.jar
2015-11-09 15:10:56.315+0000 INFO  [o.n.k.i.DiagnosticsManager]  [classpath + loader.1] file:/Users/matiasburak/.m2/repository/org/apache/tomcat/tomcat-catalina-ant/7.0.55/tomcat-catalina-ant-7.0.55.jar
2015-11-09 15:10:56.315+0000 INFO  [o.n.k.i.DiagnosticsManager]  [loader.0] file:/Users/matiasburak/.sdkman/candidates/grails/2.5.2/dist/grails-plugin-async-2.5.2.jar
2015-11-09 15:10:56.315+0000 INFO  [o.n.k.i.DiagnosticsManager]  [loader.1] file:/Users/matiasburak/.sdkman/candidates/grails/2.5.2/lib/org.slf4j/slf4j-api/jars/slf4j-api-1.7.5.jar
2015-11-09 15:10:56.315+0000 INFO  [o.n.k.i.DiagnosticsManager]  [loader.0] file:/Users/matiasburak/.m2/repository/org/parboiled/parboiled-core/1.1.7/parboiled-core-1.1.7.jar
2015-11-09 15:10:56.315+0000 INFO  [o.n.k.i.DiagnosticsManager]  [loader.2] file:/System/Library/Java/Extensions/MRJToolkit.jar
2015-11-09 15:10:56.315+0000 INFO  [o.n.k.i.DiagnosticsManager]  [loader.0] file:/Users/matiasburak/.sdkman/candidates/grails/2.5.2/lib/javax.transaction/jta/jars/jta-1.1.jar
2015-11-09 15:10:56.315+0000 INFO  [o.n.k.i.DiagnosticsManager]  [bootstrap] /Library/Java/JavaVirtualMachines/jdk1.7.0_80.jdk/Contents/Home/jre/lib/charsets.jar
2015-11-09 15:10:56.315+0000 INFO  [o.n.k.i.DiagnosticsManager]  [classpath + loader.1] file:/Library/Java/JavaVirtualMachines/jdk1.7.0_80.jdk/Contents/Home/lib/tools.jar
2015-11-09 15:10:56.315+0000 INFO  [o.n.k.i.DiagnosticsManager]  [loader.0] file:/Users/matiasburak/.m2/repository/org/neo4j/neo4j-cypher-compiler-2.3/2.3.0/neo4j-cypher-compiler-2.3-2.3.0.jar
2015-11-09 15:10:56.315+0000 INFO  [o.n.k.i.DiagnosticsManager]  [loader.0] file:/Users/matiasburak/.sdkman/candidates/grails/2.5.2/dist/grails-plugin-converters-2.5.2.jar
2015-11-09 15:10:56.315+0000 INFO  [o.n.k.i.DiagnosticsManager]  [loader.0] file:/Users/matiasburak/Sites/neo4j-app/target/classes/
2015-11-09 15:10:56.315+0000 INFO  [o.n.k.i.DiagnosticsManager]  [loader.2] file:/Library/Java/JavaVirtualMachines/jdk1.7.0_80.jdk/Contents/Home/jre/lib/ext/localedata.jar
2015-11-09 15:10:56.315+0000 INFO  [o.n.k.i.DiagnosticsManager]  [classpath + loader.1] file:/Users/matiasburak/.sdkman/candidates/grails/2.5.2/lib/org.apache.ant/ant-launcher/jars/ant-launcher-1.9.4.jar
2015-11-09 15:10:56.315+0000 INFO  [o.n.k.i.DiagnosticsManager]  [loader.2] file:/Library/Java/JavaVirtualMachines/jdk1.7.0_80.jdk/Contents/Home/jre/lib/ext/sunec.jar
2015-11-09 15:10:56.315+0000 INFO  [o.n.k.i.DiagnosticsManager]  [loader.1] file:/Users/matiasburak/.sdkman/candidates/grails/2.5.2/dist/grails-bootstrap-2.5.2.jar
2015-11-09 15:10:56.315+0000 INFO  [o.n.k.i.DiagnosticsManager]  [classpath + loader.1] file:/Users/matiasburak/.sdkman/candidates/grails/2.5.2/lib/org.apache.ivy/ivy/jars/ivy-2.3.0.jar
2015-11-09 15:10:56.315+0000 INFO  [o.n.k.i.DiagnosticsManager]  [loader.0] file:/Users/matiasburak/.sdkman/candidates/grails/2.5.2/dist/grails-async-2.5.2.jar
2015-11-09 15:10:56.315+0000 INFO  [o.n.k.i.DiagnosticsManager]  [loader.0] file:/Users/matiasburak/.sdkman/candidates/grails/2.5.2/dist/grails-web-sitemesh-2.5.2.jar
2015-11-09 15:10:56.315+0000 INFO  [o.n.k.i.DiagnosticsManager]  [classpath + loader.1] file:/Users/matiasburak/.sdkman/candidates/grails/2.5.2/lib/org.apache.ant/ant-junit/jars/ant-junit-1.9.4.jar
2015-11-09 15:10:56.315+0000 INFO  [o.n.k.i.DiagnosticsManager]  [loader.0] file:/Users/matiasburak/.m2/repository/org/neo4j/neo4j-csv/2.3.0/neo4j-csv-2.3.0.jar
2015-11-09 15:10:56.315+0000 INFO  [o.n.k.i.DiagnosticsManager]  [loader.0] file:/Users/matiasburak/.sdkman/candidates/grails/2.5.2/dist/grails-plugin-validation-2.5.2.jar
2015-11-09 15:10:56.316+0000 INFO  [o.n.k.i.DiagnosticsManager]  [loader.0] file:/Users/matiasburak/.sdkman/candidates/grails/2.5.2/lib/commons-fileupload/commons-fileupload/jars/commons-fileupload-1.3.1.jar
2015-11-09 15:10:56.316+0000 INFO  [o.n.k.i.DiagnosticsManager]  [loader.0] file:/Users/matiasburak/.sdkman/candidates/grails/2.5.2/dist/grails-plugin-gsp-2.5.2.jar
2015-11-09 15:10:56.316+0000 INFO  [o.n.k.i.DiagnosticsManager]  [loader.1] file:/Users/matiasburak/.sdkman/candidates/grails/2.5.2/lib/org.apache.tomcat.embed/tomcat-embed-logging-log4j/jars/tomcat-embed-logging-log4j-7.0.50.jar
2015-11-09 15:10:56.316+0000 INFO  [o.n.k.i.DiagnosticsManager]  [loader.0] file:/Users/matiasburak/.sdkman/candidates/grails/2.5.2/lib/com.googlecode.concurrentlinkedhashmap/concurrentlinkedhashmap-lru/jars/concurrentlinkedhashmap-lru-1.4.jar
2015-11-09 15:10:56.316+0000 INFO  [o.n.k.i.DiagnosticsManager]  [classpath + loader.1] file:/Users/matiasburak/Sites/neo4j-app/target/work/plugins/tomcat-7.0.55.3/grails-plugin-tomcat-7.0.55.3.jar
2015-11-09 15:10:56.316+0000 INFO  [o.n.k.i.DiagnosticsManager]  [loader.0] file:/Users/matiasburak/.m2/repository/dom4j/dom4j/1.6.1/dom4j-1.6.1.jar
2015-11-09 15:10:56.316+0000 INFO  [o.n.k.i.DiagnosticsManager]  [loader.0] file:/Users/matiasburak/.m2/repository/org/neo4j/neo4j-udc/2.3.0/neo4j-udc-2.3.0.jar
2015-11-09 15:10:56.316+0000 INFO  [o.n.k.i.DiagnosticsManager]  [loader.0] file:/Users/matiasburak/.m2/repository/org/mozilla/rhino/1.7R4/rhino-1.7R4.jar
2015-11-09 15:10:56.316+0000 INFO  [o.n.k.i.DiagnosticsManager]  [loader.0] file:/Users/matiasburak/.m2/repository/org/apache/commons/commons-lang3/3.3.2/commons-lang3-3.3.2.jar
2015-11-09 15:10:56.316+0000 INFO  [o.n.k.i.DiagnosticsManager]  [loader.0] file:/Users/matiasburak/.m2/repository/org/scala-lang/scala-reflect/2.11.7/scala-reflect-2.11.7.jar
2015-11-09 15:10:56.316+0000 INFO  [o.n.k.i.DiagnosticsManager]  [loader.0] file:/Users/matiasburak/.m2/repository/org/neo4j/neo4j-primitive-collections/2.3.0/neo4j-primitive-collections-2.3.0.jar
2015-11-09 15:10:56.316+0000 INFO  [o.n.k.i.DiagnosticsManager]  [loader.0] file:/Users/matiasburak/.m2/repository/org/jboss/logging/jboss-logging/3.1.0.GA/jboss-logging-3.1.0.GA.jar
2015-11-09 15:10:56.316+0000 INFO  [o.n.k.i.DiagnosticsManager]  [loader.0] file:/Users/matiasburak/.m2/repository/org/grails/grails-datastore-core/5.0.0.BUILD-SNAPSHOT/grails-datastore-core-5.0.0.BUILD-SNAPSHOT.jar
2015-11-09 15:10:56.316+0000 INFO  [o.n.k.i.DiagnosticsManager]  [loader.0] file:/Users/matiasburak/.m2/repository/org/codehaus/groovy/groovy/2.4.4/groovy-2.4.4.jar
2015-11-09 15:10:56.316+0000 INFO  [o.n.k.i.DiagnosticsManager]  [loader.0] file:/Users/matiasburak/.sdkman/candidates/grails/2.5.2/dist/grails-web-databinding-2.5.2.jar
2015-11-09 15:10:56.316+0000 INFO  [o.n.k.i.DiagnosticsManager]  [loader.1] file:/Users/matiasburak/.sdkman/candidates/grails/2.5.2/dist/grails-plugin-log4j-2.5.2.jar
2015-11-09 15:10:56.316+0000 INFO  [o.n.k.i.DiagnosticsManager]  [bootstrap] /Library/Java/JavaVirtualMachines/jdk1.7.0_80.jdk/Contents/Home/jre/lib/jsse.jar
2015-11-09 15:10:56.316+0000 INFO  [o.n.k.i.DiagnosticsManager]  [loader.0] file:/Users/matiasburak/.sdkman/candidates/grails/2.5.2/lib/org.springframework/spring-webmvc/jars/spring-webmvc-4.1.6.RELEASE.jar
2015-11-09 15:10:56.316+0000 INFO  [o.n.k.i.DiagnosticsManager]  [loader.0] file:/Users/matiasburak/.sdkman/candidates/grails/2.5.2/lib/org.apache.tomcat/tomcat-juli/jars/tomcat-juli-7.0.50.jar
2015-11-09 15:10:56.316+0000 INFO  [o.n.k.i.DiagnosticsManager]  [loader.1] file:/Users/matiasburak/.sdkman/candidates/grails/2.5.2/lib/jline/jline/jars/jline-2.12.jar
2015-11-09 15:10:56.316+0000 INFO  [o.n.k.i.DiagnosticsManager]  [classpath + loader.1] file:/Users/matiasburak/.m2/repository/org/apache/tomcat/embed/tomcat-embed-websocket/7.0.55/tomcat-embed-websocket-7.0.55.jar
2015-11-09 15:10:56.316+0000 INFO  [o.n.k.i.DiagnosticsManager]  [loader.0] file:/Users/matiasburak/.sdkman/candidates/grails/2.5.2/lib/org.aspectj/aspectjrt/jars/aspectjrt-1.8.5.jar
2015-11-09 15:10:56.316+0000 INFO  [o.n.k.i.DiagnosticsManager]  [loader.1] file:/Users/matiasburak/.sdkman/candidates/grails/2.5.2/lib/org.slf4j/jcl-over-slf4j/jars/jcl-over-slf4j-1.7.5.jar
2015-11-09 15:10:56.316+0000 INFO  [o.n.k.i.DiagnosticsManager]  [loader.0] file:/Users/matiasburak/Sites/neo4j-app/target/work/resources/
2015-11-09 15:10:56.316+0000 INFO  [o.n.k.i.DiagnosticsManager]  [loader.0] file:/Users/matiasburak/.sdkman/candidates/grails/2.5.2/dist/grails-core-2.5.2.jar
2015-11-09 15:10:56.316+0000 INFO  [o.n.k.i.DiagnosticsManager]  [loader.0] file:/Users/matiasburak/.sdkman/candidates/grails/2.5.2/dist/grails-project-api-2.5.2.jar
2015-11-09 15:10:56.316+0000 INFO  [o.n.k.i.DiagnosticsManager]  [loader.0] file:/Users/matiasburak/.m2/repository/org/grails/grails-datastore-simple/5.0.0.BUILD-SNAPSHOT/grails-datastore-simple-5.0.0.BUILD-SNAPSHOT.jar
2015-11-09 15:10:56.316+0000 INFO  [o.n.k.i.DiagnosticsManager]  [bootstrap] /Library/Java/JavaVirtualMachines/jdk1.7.0_80.jdk/Contents/Home/jre/lib/jce.jar
2015-11-09 15:10:56.316+0000 INFO  [o.n.k.i.DiagnosticsManager]  [loader.0] file:/Users/matiasburak/.sdkman/candidates/grails/2.5.2/lib/org.aspectj/aspectjweaver/jars/aspectjweaver-1.8.5.jar
2015-11-09 15:10:56.316+0000 INFO  [o.n.k.i.DiagnosticsManager]  [loader.0] file:/Users/matiasburak/.m2/repository/org/neo4j/neo4j-codegen/2.3.0/neo4j-codegen-2.3.0.jar
2015-11-09 15:10:56.316+0000 INFO  [o.n.k.i.DiagnosticsManager]  [loader.0] file:/Users/matiasburak/.sdkman/candidates/grails/2.5.2/dist/grails-web-url-mappings-2.5.2.jar
2015-11-09 15:10:56.316+0000 INFO  [o.n.k.i.DiagnosticsManager]  [loader.0] file:/Users/matiasburak/.sdkman/candidates/grails/2.5.2/dist/grails-encoder-2.5.2.jar
2015-11-09 15:10:56.316+0000 INFO  [o.n.k.i.DiagnosticsManager]  [loader.0] file:/Users/matiasburak/.sdkman/candidates/grails/2.5.2/lib/com.google.code.findbugs/jsr305/jars/jsr305-1.3.9.jar
2015-11-09 15:10:56.316+0000 INFO  [o.n.k.i.DiagnosticsManager]  [loader.0] file:/Users/matiasburak/.m2/repository/commons-logging/commons-logging/1.1.1/commons-logging-1.1.1.jar
2015-11-09 15:10:56.316+0000 INFO  [o.n.k.i.DiagnosticsManager]  [loader.0] file:/Users/matiasburak/.sdkman/candidates/grails/2.5.2/dist/grails-plugin-controllers-2.5.2.jar
2015-11-09 15:10:56.316+0000 INFO  [o.n.k.i.DiagnosticsManager]  [loader.0] file:/Users/matiasburak/.sdkman/candidates/grails/2.5.2/lib/org.springframework/spring-core/jars/spring-core-4.1.6.RELEASE.jar
2015-11-09 15:10:56.316+0000 INFO  [o.n.k.i.DiagnosticsManager]  [loader.0] file:/Users/matiasburak/.sdkman/candidates/grails/2.5.2/lib/commons-validator/commons-validator/jars/commons-validator-1.4.0.jar
2015-11-09 15:10:56.316+0000 INFO  [o.n.k.i.DiagnosticsManager]  [loader.0] file:/Users/matiasburak/.m2/repository/com/bertramlabs/plugins/asset-pipeline-core/2.5.5/asset-pipeline-core-2.5.5.jar
2015-11-09 15:10:56.316+0000 INFO  [o.n.k.i.DiagnosticsManager]  [classpath + loader.1] file:/Users/matiasburak/.sdkman/candidates/grails/2.5.2/lib/org.apache.ant/ant-trax/jars/ant-trax-1.7.1.jar
2015-11-09 15:10:56.316+0000 INFO  [o.n.k.i.DiagnosticsManager]  [loader.0] file:/Users/matiasburak/.sdkman/candidates/grails/2.5.2/dist/grails-web-common-2.5.2.jar
2015-11-09 15:10:56.316+0000 INFO  [o.n.k.i.DiagnosticsManager]  [loader.0] file:/Users/matiasburak/.m2/repository/com/fasterxml/classmate/1.0.0/classmate-1.0.0.jar
2015-11-09 15:10:56.316+0000 INFO  [o.n.k.i.DiagnosticsManager]  [classpath + loader.1] file:/Users/matiasburak/.m2/repository/org/apache/tomcat/embed/tomcat-embed-jasper/7.0.55/tomcat-embed-jasper-7.0.55.jar
2015-11-09 15:10:56.316+0000 INFO  [o.n.k.i.DiagnosticsManager]  [loader.0] file:/Users/matiasburak/.m2/repository/org/grails/grails-datastore-web/5.0.0.BUILD-SNAPSHOT/grails-datastore-web-5.0.0.BUILD-SNAPSHOT.jar
2015-11-09 15:10:56.316+0000 INFO  [o.n.k.i.DiagnosticsManager]  [loader.0] file:/Users/matiasburak/.sdkman/candidates/grails/2.5.2/lib/org.springframework/spring-context-support/jars/spring-context-support-4.1.6.RELEASE.jar
2015-11-09 15:10:56.316+0000 INFO  [o.n.k.i.DiagnosticsManager]  [loader.0] file:/Users/matiasburak/.m2/repository/org/jboss/spec/javax/transaction/jboss-transaction-api_1.2_spec/1.0.0.Final/jboss-transaction-api_1.2_spec-1.0.0.Final.jar
2015-11-09 15:10:56.316+0000 INFO  [o.n.k.i.DiagnosticsManager]  [loader.0] file:/Users/matiasburak/.m2/repository/org/grails/grails-datastore-gorm-grails2-support/5.0.0.BUILD-SNAPSHOT/grails-datastore-gorm-grails2-support-5.0.0.BUILD-SNAPSHOT.jar
2015-11-09 15:10:56.316+0000 INFO  [o.n.k.i.DiagnosticsManager]  [loader.0] file:/Users/matiasburak/.sdkman/candidates/grails/2.5.2/dist/grails-plugin-servlets-2.5.2.jar
2015-11-09 15:10:56.316+0000 INFO  [o.n.k.i.DiagnosticsManager]  [loader.0] file:/Users/matiasburak/.m2/repository/antlr/antlr/2.7.7/antlr-2.7.7.jar
2015-11-09 15:10:56.316+0000 INFO  [o.n.k.i.DiagnosticsManager]  [loader.0] file:/Users/matiasburak/.m2/repository/org/neo4j/neo4j-jmx/2.3.0/neo4j-jmx-2.3.0.jar
2015-11-09 15:10:56.316+0000 INFO  [o.n.k.i.DiagnosticsManager]  [loader.2] file:/Library/Java/JavaVirtualMachines/jdk1.7.0_80.jdk/Contents/Home/jre/lib/ext/dnsns.jar
2015-11-09 15:10:56.316+0000 INFO  [o.n.k.i.DiagnosticsManager]  [loader.0] file:/Users/matiasburak/.m2/repository/org/neo4j/neo4j-logging/2.3.0/neo4j-logging-2.3.0.jar
2015-11-09 15:10:56.316+0000 INFO  [o.n.k.i.DiagnosticsManager]  [loader.2] file:/Library/Java/JavaVirtualMachines/jdk1.7.0_80.jdk/Contents/Home/jre/lib/ext/sunpkcs11.jar
2015-11-09 15:10:56.316+0000 INFO  [o.n.k.i.DiagnosticsManager]  [loader.0] file:/Users/matiasburak/.m2/repository/org/javassist/javassist/3.17.1-GA/javassist-3.17.1-GA.jar
2015-11-09 15:10:56.316+0000 INFO  [o.n.k.i.DiagnosticsManager]  [loader.0] file:/Users/matiasburak/.sdkman/candidates/grails/2.5.2/dist/grails-web-jsp-2.5.2.jar
2015-11-09 15:10:56.316+0000 INFO  [o.n.k.i.DiagnosticsManager]  [loader.0] file:/Users/matiasburak/.m2/repository/org/neo4j/neo4j-kernel/2.3.0/neo4j-kernel-2.3.0.jar
2015-11-09 15:10:56.316+0000 INFO  [o.n.k.i.DiagnosticsManager]  [loader.0] file:/Users/matiasburak/.m2/repository/org/neo4j/neo4j-graph-matching/2.3.0/neo4j-graph-matching-2.3.0.jar
2015-11-09 15:10:56.316+0000 INFO  [o.n.k.i.DiagnosticsManager]  [loader.0] file:/Users/matiasburak/.sdkman/candidates/grails/2.5.2/dist/grails-databinding-2.5.2.jar
2015-11-09 15:10:56.317+0000 INFO  [o.n.k.i.DiagnosticsManager]  [loader.0] file:/Users/matiasburak/.sdkman/candidates/grails/2.5.2/dist/grails-plugin-codecs-2.5.2.jar
2015-11-09 15:10:56.317+0000 INFO  [o.n.k.i.DiagnosticsManager]  [loader.0] file:/Users/matiasburak/Sites/neo4j-app/target/work/plugin-provided-classes/
2015-11-09 15:10:56.317+0000 INFO  [o.n.k.i.DiagnosticsManager]  [bootstrap] /Library/Java/JavaVirtualMachines/jdk1.7.0_80.jdk/Contents/Home/jre/lib/rt.jar
2015-11-09 15:10:56.317+0000 INFO  [o.n.k.i.DiagnosticsManager]  [loader.0] file:/Users/matiasburak/.sdkman/candidates/grails/2.5.2/lib/org.slf4j/jul-to-slf4j/jars/jul-to-slf4j-1.7.5.jar
2015-11-09 15:10:56.317+0000 INFO  [o.n.k.i.DiagnosticsManager]  [loader.0] file:/Users/matiasburak/.m2/repository/org/grails/grails-datastore-gorm-neo4j/5.0.0.BUILD-SNAPSHOT/grails-datastore-gorm-neo4j-5.0.0.BUILD-SNAPSHOT.jar
2015-11-09 15:10:56.317+0000 INFO  [o.n.k.i.DiagnosticsManager]  [loader.0] file:/Users/matiasburak/.sdkman/candidates/grails/2.5.2/dist/grails-plugin-i18n-2.5.2.jar
2015-11-09 15:10:56.317+0000 INFO  [o.n.k.i.DiagnosticsManager]  [classpath + loader.1] file:/Users/matiasburak/.sdkman/candidates/grails/2.5.2/lib/org.codehaus.gant/gant_groovy1.8/jars/gant_groovy1.8-1.9.6.jar
2015-11-09 15:10:56.317+0000 INFO  [o.n.k.i.DiagnosticsManager]  [loader.0] file:/Users/matiasburak/.m2/repository/org/hibernate/hibernate-core/4.3.10.Final/hibernate-core-4.3.10.Final.jar
2015-11-09 15:10:56.317+0000 INFO  [o.n.k.i.DiagnosticsManager]  [loader.0] file:/Users/matiasburak/.sdkman/candidates/grails/2.5.2/lib/org.codehaus.jsr166-mirror/jsr166y/jars/jsr166y-1.7.0.jar
2015-11-09 15:10:56.317+0000 INFO  [o.n.k.i.DiagnosticsManager]  [loader.0] file:/Users/matiasburak/.m2/repository/org/scala-lang/scala-library/2.11.7/scala-library-2.11.7.jar
2015-11-09 15:10:56.317+0000 INFO  [o.n.k.i.DiagnosticsManager]  [loader.0] file:/Users/matiasburak/.m2/repository/org/neo4j/neo4j-cypher-compiler-2.2_2.11/2.2.6/neo4j-cypher-compiler-2.2_2.11-2.2.6.jar
2015-11-09 15:10:56.317+0000 INFO  [o.n.k.i.DiagnosticsManager]  [loader.0] file:/Users/matiasburak/.m2/repository/com/google/protobuf/protobuf-java/2.5.0/protobuf-java-2.5.0.jar
2015-11-09 15:10:56.317+0000 INFO  [o.n.k.i.DiagnosticsManager]  [loader.0] file:/Users/matiasburak/.sdkman/candidates/grails/2.5.2/dist/grails-plugin-mimetypes-2.5.2.jar
2015-11-09 15:10:56.317+0000 INFO  [o.n.k.i.DiagnosticsManager]  [loader.0] file:/Users/matiasburak/.sdkman/candidates/grails/2.5.2/dist/grails-web-2.5.2.jar
2015-11-09 15:10:56.317+0000 INFO  [o.n.k.i.DiagnosticsManager]  [loader.0] file:/Users/matiasburak/.sdkman/candidates/grails/2.5.2/lib/aopalliance/aopalliance/jars/aopalliance-1.0.jar
2015-11-09 15:10:56.317+0000 INFO  [o.n.k.i.DiagnosticsManager] Library path:
2015-11-09 15:10:56.317+0000 INFO  [o.n.k.i.DiagnosticsManager] /Users/matiasburak/Library/Java/Extensions
2015-11-09 15:10:56.317+0000 INFO  [o.n.k.i.DiagnosticsManager] /Library/Java/Extensions
2015-11-09 15:10:56.317+0000 INFO  [o.n.k.i.DiagnosticsManager] /Network/Library/Java/Extensions
2015-11-09 15:10:56.317+0000 INFO  [o.n.k.i.DiagnosticsManager] /System/Library/Java/Extensions
2015-11-09 15:10:56.317+0000 INFO  [o.n.k.i.DiagnosticsManager] /usr/lib/java
2015-11-09 15:10:56.317+0000 INFO  [o.n.k.i.DiagnosticsManager] /Users/matiasburak/Sites/neo4j-app
2015-11-09 15:10:56.317+0000 INFO  [o.n.k.i.DiagnosticsManager] System.properties:
2015-11-09 15:10:56.317+0000 INFO  [o.n.k.i.DiagnosticsManager] sun.java.launcher = SUN_STANDARD
2015-11-09 15:10:56.317+0000 INFO  [o.n.k.i.DiagnosticsManager] catalina.base = /Users/matiasburak/Sites/neo4j-app/target/work/tomcat
2015-11-09 15:10:56.317+0000 INFO  [o.n.k.i.DiagnosticsManager] sun.management.compiler = HotSpot 64-Bit Tiered Compilers
2015-11-09 15:10:56.317+0000 INFO  [o.n.k.i.DiagnosticsManager] catalina.useNaming = true
2015-11-09 15:10:56.318+0000 INFO  [o.n.k.i.DiagnosticsManager] org.mortbay.xml.XmlParser.NotValidating = true
2015-11-09 15:10:56.318+0000 INFO  [o.n.k.i.DiagnosticsManager] user.country.format = AR
2015-11-09 15:10:56.318+0000 INFO  [o.n.k.i.DiagnosticsManager] grails.env.default = true
2015-11-09 15:10:56.318+0000 INFO  [o.n.k.i.DiagnosticsManager] grails.env.initializing = false
2015-11-09 15:10:56.318+0000 INFO  [o.n.k.i.DiagnosticsManager] grails.env = development
2015-11-09 15:10:56.318+0000 INFO  [o.n.k.i.DiagnosticsManager] user.name = matiasburak
2015-11-09 15:10:56.318+0000 INFO  [o.n.k.i.DiagnosticsManager] user.language = es
2015-11-09 15:10:56.318+0000 INFO  [o.n.k.i.DiagnosticsManager] jdk.reflect.allowGetCallerClass = true
2015-11-09 15:10:56.318+0000 INFO  [o.n.k.i.DiagnosticsManager] sun.boot.library.path = /Library/Java/JavaVirtualMachines/jdk1.7.0_80.jdk/Contents/Home/jre/lib
2015-11-09 15:10:56.318+0000 INFO  [o.n.k.i.DiagnosticsManager] javax.sql.DataSource.Factory = org.apache.commons.dbcp.BasicDataSourceFactory
2015-11-09 15:10:56.318+0000 INFO  [o.n.k.i.DiagnosticsManager] user.timezone = America/Argentina/Buenos_Aires
2015-11-09 15:10:56.318+0000 INFO  [o.n.k.i.DiagnosticsManager] sun.arch.data.model = 64
2015-11-09 15:10:56.318+0000 INFO  [o.n.k.i.DiagnosticsManager] jline.shutdownhook = false
2015-11-09 15:10:56.318+0000 INFO  [o.n.k.i.DiagnosticsManager] http.nonProxyHosts = local|*.local|169.254/16|*.169.254/16
2015-11-09 15:10:56.318+0000 INFO  [o.n.k.i.DiagnosticsManager] sun.cpu.isalist = 
2015-11-09 15:10:56.318+0000 INFO  [o.n.k.i.DiagnosticsManager] sun.jnu.encoding = UTF-8
2015-11-09 15:10:56.318+0000 INFO  [o.n.k.i.DiagnosticsManager] file.encoding.pkg = sun.io
2015-11-09 15:10:56.318+0000 INFO  [o.n.k.i.DiagnosticsManager] file.separator = /
2015-11-09 15:10:56.318+0000 INFO  [o.n.k.i.DiagnosticsManager] grails.server.factory = org.grails.plugins.tomcat.TomcatServerFactory
2015-11-09 15:10:56.318+0000 INFO  [o.n.k.i.DiagnosticsManager] user.country = ES
2015-11-09 15:10:56.318+0000 INFO  [o.n.k.i.DiagnosticsManager] grails.home = /Users/matiasburak/.sdkman/candidates/grails/2.5.2
2015-11-09 15:10:56.318+0000 INFO  [o.n.k.i.DiagnosticsManager] grails.build.execution.context = /private/var/folders/vw/_3xj793d30nff9vbng1rk09w0000gn/T/neo4j-app5559515468053651256grails-execution-context
2015-11-09 15:10:56.318+0000 INFO  [o.n.k.i.DiagnosticsManager] grails.version = 2.5.2.BUILD-SNAPSHOT
2015-11-09 15:10:56.318+0000 INFO  [o.n.k.i.DiagnosticsManager] path.separator = :
2015-11-09 15:10:56.318+0000 INFO  [o.n.k.i.DiagnosticsManager] grails.env.set = true
2015-11-09 15:10:56.318+0000 INFO  [o.n.k.i.DiagnosticsManager] grails.fork.active = true
2015-11-09 15:10:56.318+0000 INFO  [o.n.k.i.DiagnosticsManager] grails.shutdown.hook.installed = true
2015-11-09 15:10:56.318+0000 INFO  [o.n.k.i.DiagnosticsManager] sun.io.unicode.encoding = UnicodeBig
2015-11-09 15:10:56.318+0000 INFO  [o.n.k.i.DiagnosticsManager] awt.toolkit = sun.lwawt.macosx.LWCToolkit
2015-11-09 15:10:56.318+0000 INFO  [o.n.k.i.DiagnosticsManager] socksNonProxyHosts = local|*.local|169.254/16|*.169.254/16
2015-11-09 15:10:56.318+0000 INFO  [o.n.k.i.DiagnosticsManager] ftp.nonProxyHosts = local|*.local|169.254/16|*.169.254/16
2015-11-09 15:10:56.318+0000 INFO  [o.n.k.i.DiagnosticsManager] user.home = /Users/matiasburak
2015-11-09 15:10:56.318+0000 INFO  [o.n.k.i.DiagnosticsManager] springloaded = profile=grails;cacheDir=/Users/matiasburak/.grails/2.5.2
2015-11-09 15:10:56.318+0000 INFO  [o.n.k.i.DiagnosticsManager] net.sf.ehcache.skipUpdateCheck = true
2015-11-09 15:10:56.318+0000 INFO  [o.n.k.i.DiagnosticsManager] gopherProxySet = false
2015-11-09 15:10:56.318+0000 INFO  [o.n.k.i.DiagnosticsManager] sun.java.command = org.grails.plugins.tomcat.fork.ForkedTomcatServer
2015-11-09 15:10:56.318+0000 INFO  [o.n.k.i.DiagnosticsManager] catalina.home = /Users/matiasburak/Sites/neo4j-app/target/work/tomcat
2015-11-09 15:10:56.318+0000 INFO  [o.n.k.i.DiagnosticsManager] sun.cpu.endian = little
2015-11-09 15:10:56.318+0000 INFO  [o.n.k.i.DiagnosticsManager] sun.os.patch.level = unknown
2015-11-09 15:10:56.318+0000 INFO  [o.n.k.i.DiagnosticsManager] grails.fork.parent.process.port = 54125
2015-11-09 15:10:56.318+0000 INFO  [o.n.k.i.DiagnosticsManager] user.dir = /Users/matiasburak/Sites/neo4j-app
2015-11-09 15:10:56.318+0000 INFO  [o.n.k.i.DiagnosticsManager] springloaded.synchronize = true
2015-11-09 15:10:56.318+0000 INFO  [o.n.k.i.DiagnosticsManager] file.encoding = UTF-8
2015-11-09 15:10:56.318+0000 INFO  [o.n.k.i.DiagnosticsManager] TomcatKillSwitch.active = true
2015-11-09 15:10:56.318+0000 INFO  [o.n.k.i.DiagnosticsManager] grails.buildScope = all
2015-11-09 15:10:56.318+0000 INFO  [o.n.k.i.DiagnosticsManager] Network information:
2015-11-09 15:10:56.319+0000 INFO  [o.n.k.i.DiagnosticsManager] Interface utun0:
2015-11-09 15:10:56.319+0000 INFO  [o.n.k.i.DiagnosticsManager]     address: fe80:0:0:0:cb77:412:1a70:4534%10
2015-11-09 15:10:56.319+0000 INFO  [o.n.k.i.DiagnosticsManager] Interface awdl0:
2015-11-09 15:10:56.319+0000 INFO  [o.n.k.i.DiagnosticsManager]     address: fe80:0:0:0:9c81:b7ff:fe4f:9fe0%9
2015-11-09 15:10:56.319+0000 INFO  [o.n.k.i.DiagnosticsManager] Interface en0:
2015-11-09 15:10:56.319+0000 INFO  [o.n.k.i.DiagnosticsManager]     address: fe80:0:0:0:a299:9bff:fe0b:f83b%4
2015-11-09 15:10:56.320+0000 INFO  [o.n.k.i.DiagnosticsManager]     address: 192.168.1.106
2015-11-09 15:10:56.320+0000 INFO  [o.n.k.i.DiagnosticsManager] Interface lo0:
2015-11-09 15:10:56.320+0000 INFO  [o.n.k.i.DiagnosticsManager]     address: fe80:0:0:0:0:0:0:1%1
2015-11-09 15:10:56.320+0000 INFO  [o.n.k.i.DiagnosticsManager]     address: 0:0:0:0:0:0:0:1
2015-11-09 15:10:56.320+0000 INFO  [o.n.k.i.DiagnosticsManager]     address: 127.0.0.1
2015-11-09 15:10:56.320+0000 INFO  [o.n.k.i.DiagnosticsManager] Store versions:
2015-11-09 15:10:56.320+0000 INFO  [o.n.k.i.DiagnosticsManager] Store versions:
2015-11-09 15:10:56.320+0000 INFO  [o.n.k.i.DiagnosticsManager] ArrayPropertyStore v0.A.6
2015-11-09 15:10:56.320+0000 INFO  [o.n.k.i.DiagnosticsManager] NodeStore v0.A.6
2015-11-09 15:10:56.320+0000 INFO  [o.n.k.i.DiagnosticsManager] StringPropertyStore v0.A.6
2015-11-09 15:10:56.320+0000 INFO  [o.n.k.i.DiagnosticsManager] PropertyIndexStore v0.A.6
2015-11-09 15:10:56.320+0000 INFO  [o.n.k.i.DiagnosticsManager] StringPropertyStore v0.A.6
2015-11-09 15:10:56.320+0000 INFO  [o.n.k.i.DiagnosticsManager] ArrayPropertyStore v0.A.6
2015-11-09 15:10:56.320+0000 INFO  [o.n.k.i.DiagnosticsManager] PropertyStore v0.A.6
2015-11-09 15:10:56.320+0000 INFO  [o.n.k.i.DiagnosticsManager] RelationshipStore v0.A.6
2015-11-09 15:10:56.320+0000 INFO  [o.n.k.i.DiagnosticsManager] StringPropertyStore v0.A.6
2015-11-09 15:10:56.320+0000 INFO  [o.n.k.i.DiagnosticsManager] RelationshipTypeStore v0.A.6
2015-11-09 15:10:56.320+0000 INFO  [o.n.k.i.DiagnosticsManager] StringPropertyStore v0.A.6
2015-11-09 15:10:56.320+0000 INFO  [o.n.k.i.DiagnosticsManager] LabelTokenStore v0.A.6
2015-11-09 15:10:56.320+0000 INFO  [o.n.k.i.DiagnosticsManager] SchemaStore v0.A.6
2015-11-09 15:10:56.320+0000 INFO  [o.n.k.i.DiagnosticsManager] RelationshipGroupStore v0.A.6
2015-11-09 15:10:56.320+0000 INFO  [o.n.k.i.DiagnosticsManager] NeoStore v0.A.6
2015-11-09 15:10:56.320+0000 INFO  [o.n.k.i.DiagnosticsManager] Id usage:
2015-11-09 15:10:56.320+0000 INFO  [o.n.k.i.DiagnosticsManager] Id usage:
2015-11-09 15:10:56.320+0000 INFO  [o.n.k.i.DiagnosticsManager]   ArrayPropertyStore v0.A.6: used=1 high=0
2015-11-09 15:10:56.320+0000 INFO  [o.n.k.i.DiagnosticsManager]   NodeStore v0.A.6: used=158 high=157
2015-11-09 15:10:56.321+0000 INFO  [o.n.k.i.DiagnosticsManager]   StringPropertyStore v0.A.6: used=7 high=6
2015-11-09 15:10:56.321+0000 INFO  [o.n.k.i.DiagnosticsManager]   PropertyIndexStore v0.A.6: used=6 high=5
2015-11-09 15:10:56.321+0000 INFO  [o.n.k.i.DiagnosticsManager]   StringPropertyStore v0.A.6: used=1 high=0
2015-11-09 15:10:56.321+0000 INFO  [o.n.k.i.DiagnosticsManager]   ArrayPropertyStore v0.A.6: used=1 high=0
2015-11-09 15:10:56.321+0000 INFO  [o.n.k.i.DiagnosticsManager]   PropertyStore v0.A.6: used=370 high=369
2015-11-09 15:10:56.321+0000 INFO  [o.n.k.i.DiagnosticsManager]   RelationshipStore v0.A.6: used=157 high=207
2015-11-09 15:10:56.321+0000 INFO  [o.n.k.i.DiagnosticsManager]   StringPropertyStore v0.A.6: used=4 high=3
2015-11-09 15:10:56.321+0000 INFO  [o.n.k.i.DiagnosticsManager]   RelationshipTypeStore v0.A.6: used=3 high=2
2015-11-09 15:10:56.321+0000 INFO  [o.n.k.i.DiagnosticsManager]   StringPropertyStore v0.A.6: used=9 high=8
2015-11-09 15:10:56.322+0000 INFO  [o.n.k.i.DiagnosticsManager]   LabelTokenStore v0.A.6: used=8 high=7
2015-11-09 15:10:56.322+0000 INFO  [o.n.k.i.DiagnosticsManager]   SchemaStore v0.A.6: used=23 high=22
2015-11-09 15:10:56.322+0000 INFO  [o.n.k.i.DiagnosticsManager]   RelationshipGroupStore v0.A.6: used=1 high=0
2015-11-09 15:10:56.322+0000 INFO  [o.n.k.i.DiagnosticsManager]   NeoStore v0.A.6: used=13 high=12
2015-11-09 15:10:56.322+0000 INFO  [o.n.k.i.DiagnosticsManager] Neostore records:
2015-11-09 15:10:56.322+0000 INFO  [o.n.k.i.DiagnosticsManager] TIME (Creation time): 1447081775953
2015-11-09 15:10:56.322+0000 INFO  [o.n.k.i.DiagnosticsManager] RANDOM_NUMBER (Random number for store id): 1122634844279737440
2015-11-09 15:10:56.322+0000 INFO  [o.n.k.i.DiagnosticsManager] LOG_VERSION (Current log version): 0
2015-11-09 15:10:56.322+0000 INFO  [o.n.k.i.DiagnosticsManager] LAST_TRANSACTION_ID (Last committed transaction): 32
2015-11-09 15:10:56.322+0000 INFO  [o.n.k.i.DiagnosticsManager] STORE_VERSION (Store format version): 15250506225055238
2015-11-09 15:10:56.322+0000 INFO  [o.n.k.i.DiagnosticsManager] FIRST_GRAPH_PROPERTY (First property record containing graph properties): -1
2015-11-09 15:10:56.322+0000 INFO  [o.n.k.i.DiagnosticsManager] LAST_CONSTRAINT_TRANSACTION (Last committed transaction containing constraint changes): 23
2015-11-09 15:10:56.322+0000 INFO  [o.n.k.i.DiagnosticsManager] UPGRADE_TRANSACTION_ID (Transaction id most recent upgrade was performed at): 1
2015-11-09 15:10:56.322+0000 INFO  [o.n.k.i.DiagnosticsManager] UPGRADE_TIME (Time of last upgrade): 1447081775953
2015-11-09 15:10:56.322+0000 INFO  [o.n.k.i.DiagnosticsManager] LAST_TRANSACTION_CHECKSUM (Checksum of last committed transaction): -160991544762
2015-11-09 15:10:56.322+0000 INFO  [o.n.k.i.DiagnosticsManager] UPGRADE_TRANSACTION_CHECKSUM (Checksum of transaction id the most recent upgrade was performed at): 0
2015-11-09 15:10:56.322+0000 INFO  [o.n.k.i.DiagnosticsManager] LAST_CLOSED_TRANSACTION_LOG_VERSION (Log version where the last transaction commit entry has been written into): 0
2015-11-09 15:10:56.322+0000 INFO  [o.n.k.i.DiagnosticsManager] LAST_CLOSED_TRANSACTION_LOG_BYTE_OFFSET (Byte offset in the log file where the last transaction commit entry has been written into): 91485
2015-11-09 15:10:56.322+0000 INFO  [o.n.k.i.DiagnosticsManager] Transaction log:
2015-11-09 15:10:56.322+0000 INFO  [o.n.k.i.DiagnosticsManager] No transactions found in any log
2015-11-09 15:10:56.322+0000 INFO  [o.n.k.i.DiagnosticsManager] Disk space on partition (Total / Free / Free %): 249779191808 / 181072044032 / 72
Storage files: (filename : modification date - size)
2015-11-09 15:10:56.323+0000 INFO  [o.n.k.i.DiagnosticsManager]   messages.log: 2015-11-09T12:10:56-0300 - 48,09 kB
2015-11-09 15:10:56.323+0000 INFO  [o.n.k.i.l.StoreLogService] Rotated internal log file
